  main.cpp
c:\users\kamil\onedrive\documents\rpa-optimization\rpa\Optimization_Toolbox.h(31): warning C4018: '<': signed/unsigned mismatch
c:\users\kamil\onedrive\documents\rpa-optimization\rpa\Sequence.h(67): warning C4018: '<': signed/unsigned mismatch
c:\users\kamil\onedrive\documents\rpa-optimization\rpa\Sequence.h(93): warning C4018: '<': signed/unsigned mismatch
c:\users\kamil\onedrive\documents\rpa-optimization\rpa\Sequence.h(104): warning C4018: '<': signed/unsigned mismatch
c:\users\kamil\onedrive\documents\rpa-optimization\rpa\Sequence.h(120): warning C4018: '<': signed/unsigned mismatch
c:\users\kamil\onedrive\documents\rpa-optimization\rpa\Sequence.h(148): warning C4018: '<': signed/unsigned mismatch
c:\users\kamil\onedrive\documents\rpa-optimization\rpa\Array_Sequences.h(49): warning C4018: '<': signed/unsigned mismatch
c:\users\kamil\onedrive\documents\rpa-optimization\rpa\Array_Sequences.h(111): warning C4267: 'initializing': conversion from 'size_t' to 'unsigned int', possible loss of data
c:\users\kamil\onedrive\documents\rpa-optimization\rpa\Array_Sequences.h(148): warning C4018: '<': signed/unsigned mismatch
c:\users\kamil\onedrive\documents\rpa-optimization\rpa\Array_Sequences.h(156): warning C4018: '<': signed/unsigned mismatch
c:\users\kamil\onedrive\documents\rpa-optimization\rpa\Primer_Set.h(84): warning C4018: '<': signed/unsigned mismatch
c:\users\kamil\onedrive\documents\rpa-optimization\rpa\Primer_Set.h(90): warning C4018: '<': signed/unsigned mismatch
c:\users\kamil\onedrive\documents\rpa-optimization\rpa\Primer_Set.h(120): warning C4018: '<': signed/unsigned mismatch
c:\users\kamil\onedrive\documents\rpa-optimization\rpa\Primer_Set.h(145): warning C4018: '<': signed/unsigned mismatch
c:\users\kamil\onedrive\documents\rpa-optimization\rpa\Primer_Set.h(170): warning C4018: '<': signed/unsigned mismatch
c:\users\kamil\onedrive\documents\rpa-optimization\rpa\Primer_Set.h(179): warning C4018: '<': signed/unsigned mismatch
c:\users\kamil\onedrive\documents\rpa-optimization\rpa\Primer_Set.h(211): warning C4018: '<': signed/unsigned mismatch
c:\users\kamil\onedrive\documents\rpa-optimization\rpa\Primer_Set.h(251): warning C4018: '<': signed/unsigned mismatch
c:\users\kamil\onedrive\documents\rpa-optimization\rpa\Primer_Set.h(260): warning C4018: '<': signed/unsigned mismatch
c:\users\kamil\onedrive\documents\rpa-optimization\rpa\Primer_Set.h(275): warning C4018: '<': signed/unsigned mismatch
c:\users\kamil\onedrive\documents\rpa-optimization\rpa\Primer_Set.h(303): warning C4018: '<': signed/unsigned mismatch
c:\users\kamil\onedrive\documents\rpa-optimization\rpa\Primer_Set.h(306): warning C4018: '<': signed/unsigned mismatch
c:\users\kamil\onedrive\documents\rpa-optimization\rpa\PCR_Profile.h(98): warning C4018: '<': signed/unsigned mismatch
c:\users\kamil\onedrive\documents\rpa-optimization\rpa\PCR_Profile.h(103): warning C4018: '<': signed/unsigned mismatch
c:\users\kamil\onedrive\documents\rpa-optimization\rpa\PCR_Profile.h(202): warning C4018: '<': signed/unsigned mismatch
c:\users\kamil\onedrive\documents\rpa-optimization\rpa\PCR_Profile.h(212): warning C4018: '<': signed/unsigned mismatch
c:\users\kamil\onedrive\documents\rpa-optimization\rpa\PCR_Profile.h(231): warning C4018: '>=': signed/unsigned mismatch
c:\users\kamil\onedrive\documents\rpa-optimization\rpa\PCR_Profile.h(238): warning C4018: '<': signed/unsigned mismatch
c:\users\kamil\onedrive\documents\rpa-optimization\rpa\PCR_Profile.h(254): warning C4018: '<': signed/unsigned mismatch
c:\users\kamil\onedrive\documents\rpa-optimization\rpa\PCR_Profile.h(291): warning C4018: '<': signed/unsigned mismatch
c:\users\kamil\onedrive\documents\rpa-optimization\rpa\PCR_Profile.h(302): warning C4018: '<': signed/unsigned mismatch
c:\users\kamil\onedrive\documents\rpa-optimization\rpa\PCR_Profile.h(304): warning C4018: '<': signed/unsigned mismatch
c:\users\kamil\onedrive\documents\rpa-optimization\rpa\PCR_Profile.h(308): warning C4244: '*=': conversion from 'double' to 'unsigned int', possible loss of data
c:\users\kamil\onedrive\documents\rpa-optimization\rpa\PCR_Profile.h(334): warning C4018: '<': signed/unsigned mismatch
c:\users\kamil\onedrive\documents\rpa-optimization\rpa\PCR_Profile_Array.h(40): warning C4018: '<': signed/unsigned mismatch
c:\users\kamil\onedrive\documents\rpa-optimization\rpa\PCR_Profile_Array.h(53): warning C4244: '*=': conversion from 'double' to 'unsigned int', possible loss of data
c:\users\kamil\onedrive\documents\rpa-optimization\rpa\PCR_Profile_Array.h(118): warning C4018: '<': signed/unsigned mismatch
main.cpp(17): warning C4244: 'argument': conversion from 'time_t' to 'unsigned int', possible loss of data
main.cpp(39): warning C4018: '<': signed/unsigned mismatch
main.cpp(54): warning C4018: '<': signed/unsigned mismatch
main.cpp(93): warning C4018: '<': signed/unsigned mismatch
main.cpp(107): warning C4018: '<': signed/unsigned mismatch
main.cpp(122): warning C4244: 'argument': conversion from 'time_t' to 'unsigned int', possible loss of data
main.cpp(147): warning C4018: '<': signed/unsigned mismatch
main.cpp(156): warning C4018: '<': signed/unsigned mismatch
main.cpp(180): warning C4018: '<': signed/unsigned mismatch
main.cpp(186): warning C4018: '<': signed/unsigned mismatch
main.cpp(205): warning C4018: '<': signed/unsigned mismatch
  Generating code
  8 of 218 functions ( 3.7%) were compiled, the rest were copied from previous compilation.
    2 functions were new in current compilation
    16 functions had inline decision re-evaluated but remain unchanged
  Finished generating code
  RPA.vcxproj -> C:\Users\kamil\OneDrive\Documents\RPA-Optimization\x64\Release\RPA.exe
  RPA.vcxproj -> C:\Users\kamil\OneDrive\Documents\RPA-Optimization\x64\Release\RPA.pdb (Full PDB)
